#
# There is insufficient memory for the Java Runtime Environment to continue.
# Native memory allocation (malloc) failed to allocate 261696 bytes for Chunk::new
# Possible reasons:
#   The system is out of physical RAM or swap space
#   The process is running with CompressedOops enabled, and the Java Heap may be blocking the growth of the native heap
# Possible solutions:
#   Reduce memory load on the system
#   Increase physical memory or swap space
#   Check if swap backing store is full
#   Decrease Java heap size (-Xmx/-Xms)
#   Decrease number of Java threads
#   Decrease Java thread stack sizes (-Xss)
#   Set larger code cache with -XX:ReservedCodeCacheSize=
#   JVM is running with Unscaled Compressed Oops mode in which the Java heap is
#     placed in the first 4GB address space. The Java Heap base address is the
#     maximum limit for the native heap growth. Please use -XX:HeapBaseMinAddress
#     to set the Java Heap base and to place the Java Heap above 4GB virtual address.
# This output file may be truncated or incomplete.
#
#  Out of Memory Error (allocation.cpp:389), pid=17920, tid=0x0000000000003da8
#
# JRE version: Java(TM) SE Runtime Environment (8.0_281-b09) (build 1.8.0_281-b09)
# Java VM: Java HotSpot(TM) 64-Bit Server VM (25.281-b09 mixed mode windows-amd64 compressed oops)
# Failed to write core dump. Minidumps are not enabled by default on client versions of Windows
#

---------------  T H R E A D  ---------------

Current thread (0x000001f64c894000):  JavaThread "C2 CompilerThread0" daemon [_thread_in_native, id=15784, stack(0x000000adbcd00000,0x000000adbce00000)]

Stack: [0x000000adbcd00000,0x000000adbce00000]
Native frames: (J=compiled Java code, j=interpreted, Vv=VM code, C=native code)
V  [jvm.dll+0x32e5b9]
V  [jvm.dll+0x275012]
V  [jvm.dll+0x275cbd]
V  [jvm.dll+0x26c6f5]
V  [jvm.dll+0xd51fc]
V  [jvm.dll+0xd59fc]
V  [jvm.dll+0x4523f2]
V  [jvm.dll+0x48d85d]
V  [jvm.dll+0x441950]
V  [jvm.dll+0x43f664]
V  [jvm.dll+0x42a5e7]
V  [jvm.dll+0xabe9b]
V  [jvm.dll+0xaa4fb]
V  [jvm.dll+0x23d6b2]
V  [jvm.dll+0x291cbc]
C  [ucrtbase.dll+0x21bb2]
C  [KERNEL32.DLL+0x17034]
C  [ntdll.dll+0x52651]


Current CompileTask:
C2:   9299 1332 %     4       java.io.WinNTFileSystem::normalize @ 22 (143 bytes)


---------------  P R O C E S S  ---------------

Java Threads: ( => current thread )
  0x000001f64d7fa800 JavaThread "Service Thread" daemon [_thread_blocked, id=17044, stack(0x000000adbd000000,0x000000adbd100000)]
  0x000001f64d7e4000 JavaThread "C1 CompilerThread2" daemon [_thread_blocked, id=12976, stack(0x000000adbcf00000,0x000000adbd000000)]
  0x000001f64c895000 JavaThread "C2 CompilerThread1" daemon [_thread_blocked, id=11612, stack(0x000000adbce00000,0x000000adbcf00000)]
=>0x000001f64c894000 JavaThread "C2 CompilerThread0" daemon [_thread_in_native, id=15784, stack(0x000000adbcd00000,0x000000adbce00000)]
  0x000001f64c88b000 JavaThread "Monitor Ctrl-Break" daemon [_thread_in_native, id=3008, stack(0x000000adbcc00000,0x000000adbcd00000)]
  0x000001f64c82d000 JavaThread "Attach Listener" daemon [_thread_blocked, id=8804, stack(0x000000adbcb00000,0x000000adbcc00000)]
  0x000001f64c7da800 JavaThread "Signal Dispatcher" daemon [_thread_blocked, id=4848, stack(0x000000adbca00000,0x000000adbcb00000)]
  0x000001f64c7aa000 JavaThread "Finalizer" daemon [_thread_blocked, id=18084, stack(0x000000adbc900000,0x000000adbca00000)]
  0x000001f6366be000 JavaThread "Reference Handler" daemon [_thread_blocked, id=6528, stack(0x000000adbc800000,0x000000adbc900000)]
  0x000001f63662b000 JavaThread "main" [_thread_in_Java, id=5656, stack(0x000000adbc200000,0x000000adbc300000)]

Other Threads:
  0x000001f64c780000 VMThread [stack: 0x000000adbc700000,0x000000adbc800000] [id=12024]
  0x000001f64d7f6000 WatcherThread [stack: 0x000000adbd100000,0x000000adbd200000] [id=8668]

VM state:not at safepoint (normal execution)

VM Mutex/Monitor currently owned by a thread: None

heap address: 0x0000000083a00000, size: 1990 MB, Compressed Oops mode: 32-bit
Narrow klass base: 0x0000000000000000, Narrow klass shift: 3
Compressed class space size: 1073741824 Address: 0x0000000100000000

Heap:
 PSYoungGen      total 37888K, used 21212K [0x00000000d6900000, 0x00000000d9300000, 0x0000000100000000)
  eden space 32768K, 49% used [0x00000000d6900000,0x00000000d78b97b8,0x00000000d8900000)
  from space 5120K, 99% used [0x00000000d8e00000,0x00000000d92fd8a8,0x00000000d9300000)
  to   space 5120K, 0% used [0x00000000d8900000,0x00000000d8900000,0x00000000d8e00000)
 ParOldGen       total 86016K, used 968K [0x0000000083a00000, 0x0000000088e00000, 0x00000000d6900000)
  object space 86016K, 1% used [0x0000000083a00000,0x0000000083af23b0,0x0000000088e00000)
 Metaspace       used 14999K, capacity 16266K, committed 16512K, reserved 1064960K
  class space    used 1892K, capacity 2159K, committed 2176K, reserved 1048576K

Card table byte_map: [0x000001f6472f0000,0x000001f6476e0000] byte_map_base: 0x000001f646ed3000

Marking Bits: (ParMarkBitMap*) 0x0000000076ab6ff0
 Begin Bits: [0x000001f647980000, 0x000001f649898000)
 End Bits:   [0x000001f649898000, 0x000001f64b7b0000)

Polling page: 0x000001f636590000

CodeCache: size=245760Kb used=4772Kb max_used=4781Kb free=240987Kb
 bounds [0x000001f637f30000, 0x000001f6383e0000, 0x000001f646f30000]
 total_blobs=1715 nmethods=1340 adapters=287
 compilation: enabled

Compilation events (10 events):
Event: 9.117 Thread 0x000001f64d7e4000 1327       3       sun.reflect.generics.factory.CoreReflectionFactory::<init> (15 bytes)
Event: 9.118 Thread 0x000001f64d7e4000 nmethod 1327 0x000001f6383d4ed0 code [0x000001f6383d5020, 0x000001f6383d51f8]
Event: 9.118 Thread 0x000001f64d7e4000 1328   !   3       java.lang.Class::getEnumConstantsShared (73 bytes)
Event: 9.118 Thread 0x000001f64d7e4000 nmethod 1328 0x000001f6383d5290 code [0x000001f6383d5480, 0x000001f6383d5eb0]
Event: 9.231 Thread 0x000001f64d7e4000 1329       1       org.springframework.boot.context.properties.source.ConfigurationPropertyName$ElementType::isIndexed (5 bytes)
Event: 9.232 Thread 0x000001f64d7e4000 nmethod 1329 0x000001f6383d6210 code [0x000001f6383d6360, 0x000001f6383d6478]
Event: 9.232 Thread 0x000001f64d7e4000 1330       3       org.springframework.boot.context.properties.source.ConfigurationPropertyName$ElementsParser::isAlpha (18 bytes)
Event: 9.232 Thread 0x000001f64d7e4000 nmethod 1330 0x000001f6383d64d0 code [0x000001f6383d6620, 0x000001f6383d67f8]
Event: 9.246 Thread 0x000001f64c895000 1331   !   4       java.util.concurrent.ConcurrentHashMap::putVal (362 bytes)
Event: 9.246 Thread 0x000001f64c894000 1332 %     4       java.io.WinNTFileSystem::normalize @ 22 (143 bytes)

GC Heap History (4 events):
Event: 4.465 GC heap before
{Heap before GC invocations=1 (full 0):
 PSYoungGen      total 37888K, used 32768K [0x00000000d6900000, 0x00000000d9300000, 0x0000000100000000)
  eden space 32768K, 100% used [0x00000000d6900000,0x00000000d8900000,0x00000000d8900000)
  from space 5120K, 0% used [0x00000000d8e00000,0x00000000d8e00000,0x00000000d9300000)
  to   space 5120K, 0% used [0x00000000d8900000,0x00000000d8900000,0x00000000d8e00000)
 ParOldGen       total 86016K, used 0K [0x0000000083a00000, 0x0000000088e00000, 0x00000000d6900000)
  object space 86016K, 0% used [0x0000000083a00000,0x0000000083a00000,0x0000000088e00000)
 Metaspace       used 9294K, capacity 10164K, committed 10368K, reserved 1058816K
  class space    used 1181K, capacity 1379K, committed 1408K, reserved 1048576K
Event: 4.472 GC heap after
Heap after GC invocations=1 (full 0):
 PSYoungGen      total 37888K, used 4969K [0x00000000d6900000, 0x00000000d9300000, 0x0000000100000000)
  eden space 32768K, 0% used [0x00000000d6900000,0x00000000d6900000,0x00000000d8900000)
  from space 5120K, 97% used [0x00000000d8900000,0x00000000d8dda6e0,0x00000000d8e00000)
  to   space 5120K, 0% used [0x00000000d8e00000,0x00000000d8e00000,0x00000000d9300000)
 ParOldGen       total 86016K, used 16K [0x0000000083a00000, 0x0000000088e00000, 0x00000000d6900000)
  object space 86016K, 0% used [0x0000000083a00000,0x0000000083a04000,0x0000000088e00000)
 Metaspace       used 9294K, capacity 10164K, committed 10368K, reserved 1058816K
  class space    used 1181K, capacity 1379K, committed 1408K, reserved 1048576K
}
Event: 8.072 GC heap before
{Heap before GC invocations=2 (full 0):
 PSYoungGen      total 37888K, used 37737K [0x00000000d6900000, 0x00000000d9300000, 0x0000000100000000)
  eden space 32768K, 100% used [0x00000000d6900000,0x00000000d8900000,0x00000000d8900000)
  from space 5120K, 97% used [0x00000000d8900000,0x00000000d8dda6e0,0x00000000d8e00000)
  to   space 5120K, 0% used [0x00000000d8e00000,0x00000000d8e00000,0x00000000d9300000)
 ParOldGen       total 86016K, used 16K [0x0000000083a00000, 0x0000000088e00000, 0x00000000d6900000)
  object space 86016K, 0% used [0x0000000083a00000,0x0000000083a04000,0x0000000088e00000)
 Metaspace       used 13342K, capacity 14486K, committed 14720K, reserved 1062912K
  class space    used 1681K, capacity 1917K, committed 1920K, reserved 1048576K
Event: 8.080 GC heap after
Heap after GC invocations=2 (full 0):
 PSYoungGen      total 37888K, used 5110K [0x00000000d6900000, 0x00000000d9300000, 0x0000000100000000)
  eden space 32768K, 0% used [0x00000000d6900000,0x00000000d6900000,0x00000000d8900000)
  from space 5120K, 99% used [0x00000000d8e00000,0x00000000d92fd8a8,0x00000000d9300000)
  to   space 5120K, 0% used [0x00000000d8900000,0x00000000d8900000,0x00000000d8e00000)
 ParOldGen       total 86016K, used 968K [0x0000000083a00000, 0x0000000088e00000, 0x00000000d6900000)
  object space 86016K, 1% used [0x0000000083a00000,0x0000000083af23b0,0x0000000088e00000)
 Metaspace       used 13342K, capacity 14486K, committed 14720K, reserved 1062912K
  class space    used 1681K, capacity 1917K, committed 1920K, reserved 1048576K
}

Deoptimization events (10 events):
Event: 5.394 Thread 0x000001f63662b000 Uncommon trap: reason=unstable_if action=reinterpret pc=0x000001f6381b8d3c method=sun.misc.URLClassPath$JarLoader.getResource(Ljava/lang/String;Z)Lsun/misc/Resource; @ 15
Event: 5.964 Thread 0x000001f63662b000 Uncommon trap: reason=class_check action=maybe_recompile pc=0x000001f6380d1bd4 method=java.lang.String.equals(Ljava/lang/Object;)Z @ 8
Event: 5.968 Thread 0x000001f63662b000 Uncommon trap: reason=class_check action=maybe_recompile pc=0x000001f6380d1bd4 method=java.lang.String.equals(Ljava/lang/Object;)Z @ 8
Event: 5.968 Thread 0x000001f63662b000 Uncommon trap: reason=class_check action=maybe_recompile pc=0x000001f6380d1bd4 method=java.lang.String.equals(Ljava/lang/Object;)Z @ 8
Event: 5.978 Thread 0x000001f63662b000 Uncommon trap: reason=class_check action=maybe_recompile pc=0x000001f6380d1bd4 method=java.lang.String.equals(Ljava/lang/Object;)Z @ 8
Event: 7.178 Thread 0x000001f63662b000 Uncommon trap: reason=unstable_if action=reinterpret pc=0x000001f63819f700 method=java.io.WinNTFileSystem.normalize(Ljava/lang/String;)Ljava/lang/String; @ 128
Event: 7.198 Thread 0x000001f63662b000 Uncommon trap: reason=unstable_if action=reinterpret pc=0x000001f6380ce6c0 method=java.lang.CharacterData.of(I)Ljava/lang/CharacterData; @ 4
Event: 7.549 Thread 0x000001f63662b000 Uncommon trap: reason=unstable_if action=reinterpret pc=0x000001f63834aee0 method=java.util.HashMap.hash(Ljava/lang/Object;)I @ 1
Event: 7.689 Thread 0x000001f63662b000 Uncommon trap: reason=unstable_if action=reinterpret pc=0x000001f63814bbd8 method=sun.nio.cs.UTF_8$Encoder.encode([CII[B)I @ 33
Event: 8.264 Thread 0x000001f63662b000 Uncommon trap: reason=range_check action=make_not_entrant pc=0x000001f6381937e0 method=sun.reflect.generics.parser.SignatureParser.current()C @ 34

Classes redefined (0 events):
No events

Internal exceptions (10 events):
Event: 4.449 Thread 0x000001f63662b000 Exception <a 'java/lang/NoSuchMethodError': java.lang.Object.lambda$comparingInt$7b0bb60$1(Ljava/util/function/ToIntFunction;Ljava/lang/Object;Ljava/lang/Object;)I> (0x00000000d88a3760) thrown at [C:\jenkins\workspace\8-2-build-windows-amd64-cygwin\jdk8u2
Event: 4.618 Thread 0x000001f63662b000 Exception <a 'java/lang/NoSuchMethodError': java.lang.Object.lambda$and$0(Lorg/springframework/util/ReflectionUtils$MethodFilter;Ljava/lang/reflect/Method;)Z> (0x00000000d6a3b7c8) thrown at [C:\jenkins\workspace\8-2-build-windows-amd64-cygwin\jdk8u281\880
Event: 4.679 Thread 0x000001f63662b000 Exception <a 'java/lang/NoSuchMethodError': java.lang.Object.lambda$and$0(Ljava/util/function/Predicate;Ljava/lang/Object;)Z> (0x00000000d6bb4dc8) thrown at [C:\jenkins\workspace\8-2-build-windows-amd64-cygwin\jdk8u281\880\hotspot\src\share\vm\interpreter
Event: 5.263 Thread 0x000001f63662b000 Exception <a 'java/io/FileNotFoundException'> (0x00000000d6f1a288) thrown at [C:\jenkins\workspace\8-2-build-windows-amd64-cygwin\jdk8u281\880\hotspot\src\share\vm\prims\jni.cpp, line 710]
Event: 5.702 Thread 0x000001f63662b000 Exception <a 'java/lang/NoSuchMethodError': org.slf4j.impl.StaticMDCBinder.getSingleton()Lorg/slf4j/impl/StaticMDCBinder;> (0x00000000d71891f0) thrown at [C:\jenkins\workspace\8-2-build-windows-amd64-cygwin\jdk8u281\880\hotspot\src\share\vm\interpreter\li
Event: 7.549 Thread 0x000001f63662b000 Implicit null exception at 0x000001f63834a87b to 0x000001f63834aec5
Event: 7.951 Thread 0x000001f63662b000 Exception <a 'java/lang/NoSuchMethodError': java.lang.Object.lambda$static$0(Ljava/lang/Object;)Ljava/lang/Object;> (0x00000000d87c3d20) thrown at [C:\jenkins\workspace\8-2-build-windows-amd64-cygwin\jdk8u281\880\hotspot\src\share\vm\interpreter\linkResol
Event: 8.264 Thread 0x000001f63662b000 Exception <a 'java/lang/ArrayIndexOutOfBoundsException': 18> (0x00000000d6a2ce70) thrown at [C:\jenkins\workspace\8-2-build-windows-amd64-cygwin\jdk8u281\880\hotspot\src\share\vm\interpreter\interpreterRuntime.cpp, line 371]
Event: 8.265 Thread 0x000001f63662b000 Exception <a 'java/lang/ArrayIndexOutOfBoundsException': 182> (0x00000000d6a2f3c8) thrown at [C:\jenkins\workspace\8-2-build-windows-amd64-cygwin\jdk8u281\880\hotspot\src\share\vm\interpreter\interpreterRuntime.cpp, line 371]
Event: 8.265 Thread 0x000001f63662b000 Exception <a 'java/lang/ArrayIndexOutOfBoundsException': 60> (0x00000000d6a31840) thrown at [C:\jenkins\workspace\8-2-build-windows-amd64-cygwin\jdk8u281\880\hotspot\src\share\vm\interpreter\interpreterRuntime.cpp, line 371]

Events (10 events):
Event: 9.245 loading class org/springframework/boot/context/properties/source/ConfigurationPropertyName
Event: 9.245 loading class org/springframework/boot/context/properties/source/ConfigurationPropertyName done
Event: 9.245 loading class org/springframework/boot/context/properties/bind/Binder
Event: 9.245 loading class org/springframework/boot/context/properties/bind/Binder done
Event: 9.246 loading class org/springframework/boot/context/properties/bind/ValueObjectBinder$ValueObject
Event: 9.246 loading class org/springframework/boot/context/properties/bind/ValueObjectBinder$ValueObject done
Event: 9.246 loading class org/springframework/boot/context/properties/bind/JavaBeanBinder$Bean
Event: 9.246 loading class org/springframework/boot/context/properties/bind/JavaBeanBinder$Bean done
Event: 9.247 loading class org/springframework/boot/context/properties/bind/BindResult
Event: 9.247 loading class org/springframework/boot/context/properties/bind/BindResult done


Dynamic libraries:
0x00007ff6fd9a0000 - 0x00007ff6fd9e7000 	C:\Program Files\Java\jdk1.8.0_281\bin\java.exe
0x00007ffb11990000 - 0x00007ffb11b85000 	C:\windows\SYSTEM32\ntdll.dll
0x00007ffb10200000 - 0x00007ffb102bd000 	C:\windows\System32\KERNEL32.DLL
0x00007ffb0f250000 - 0x00007ffb0f51d000 	C:\windows\System32\KERNELBASE.dll
0x00007ffb111b0000 - 0x00007ffb1125e000 	C:\windows\System32\ADVAPI32.dll
0x00007ffb11110000 - 0x00007ffb111ae000 	C:\windows\System32\msvcrt.dll
0x00007ffb10370000 - 0x00007ffb1040c000 	C:\windows\System32\sechost.dll
0x00007ffb100d0000 - 0x00007ffb101f5000 	C:\windows\System32\RPCRT4.dll
0x00007ffb0f9e0000 - 0x00007ffb0fb80000 	C:\windows\System32\USER32.dll
0x00007ffb0f1f0000 - 0x00007ffb0f212000 	C:\windows\System32\win32u.dll
0x00007ffb106a0000 - 0x00007ffb106ca000 	C:\windows\System32\GDI32.dll
0x00007ffb0f8d0000 - 0x00007ffb0f9db000 	C:\windows\System32\gdi32full.dll
0x00007ffb0f520000 - 0x00007ffb0f5bd000 	C:\windows\System32\msvcp_win.dll
0x00007ffb0f0f0000 - 0x00007ffb0f1f0000 	C:\windows\System32\ucrtbase.dll
0x00007ffafa480000 - 0x00007ffafa71a000 	C:\windows\WinSxS\amd64_microsoft.windows.common-controls_6595b64144ccf1df_6.0.19041.1110_none_60b5254171f9507e\COMCTL32.dll
0x00007ffb0fd30000 - 0x00007ffb0fd60000 	C:\windows\System32\IMM32.DLL
0x00007ffb0a6b0000 - 0x00007ffb0a6c5000 	C:\Program Files\Java\jdk1.8.0_281\jre\bin\vcruntime140.dll
0x00007ffae76b0000 - 0x00007ffae774b000 	C:\Program Files\Java\jdk1.8.0_281\jre\bin\msvcp140.dll
0x00000000762d0000 - 0x0000000076b2f000 	C:\Program Files\Java\jdk1.8.0_281\jre\bin\server\jvm.dll
0x00007ffb100c0000 - 0x00007ffb100c8000 	C:\windows\System32\PSAPI.DLL
0x00007ffafd720000 - 0x00007ffafd729000 	C:\windows\SYSTEM32\WSOCK32.dll
0x00007ffb105b0000 - 0x00007ffb1061b000 	C:\windows\System32\WS2_32.dll
0x00007ffaf72a0000 - 0x00007ffaf72c7000 	C:\windows\SYSTEM32\WINMM.dll
0x00007ffb01b00000 - 0x00007ffb01b0a000 	C:\windows\SYSTEM32\VERSION.dll
0x00007ffb0d960000 - 0x00007ffb0d972000 	C:\windows\SYSTEM32\kernel.appcore.dll
0x00007ffb0a6a0000 - 0x00007ffb0a6b0000 	C:\Program Files\Java\jdk1.8.0_281\jre\bin\verify.dll
0x00007ffb0a670000 - 0x00007ffb0a69b000 	C:\Program Files\Java\jdk1.8.0_281\jre\bin\java.dll
0x00007ffaf6ff0000 - 0x00007ffaf7020000 	C:\Program Files\Java\jdk1.8.0_281\jre\bin\instrument.dll
0x00007ffb0a650000 - 0x00007ffb0a668000 	C:\Program Files\Java\jdk1.8.0_281\jre\bin\zip.dll
0x00007ffb10960000 - 0x00007ffb110a4000 	C:\windows\System32\SHELL32.dll
0x00007ffb0cdc0000 - 0x00007ffb0d554000 	C:\windows\SYSTEM32\windows.storage.dll
0x00007ffb0fd60000 - 0x00007ffb100b4000 	C:\windows\System32\combase.dll
0x00007ffb0ea30000 - 0x00007ffb0ea5c000 	C:\windows\SYSTEM32\Wldp.dll
0x00007ffb102c0000 - 0x00007ffb1036d000 	C:\windows\System32\SHCORE.dll
0x00007ffb110b0000 - 0x00007ffb11105000 	C:\windows\System32\shlwapi.dll
0x00007ffb0efe0000 - 0x00007ffb0efff000 	C:\windows\SYSTEM32\profapi.dll
0x00007ffaddca0000 - 0x00007ffaddcba000 	D:\Program Files (x86)\JetBrains\IntelliJ IDEA 2021.3.2\bin\breakgen64.dll
0x00007ffb0a630000 - 0x00007ffb0a64c000 	C:\Program Files\Java\jdk1.8.0_281\jre\bin\net.dll
0x00007ffaf00c0000 - 0x00007ffaf00e0000 	C:\windows\system32\PrxerDrv.dll
0x00007ffb0e790000 - 0x00007ffb0e7fa000 	C:\windows\system32\mswsock.dll
0x00007ffb0a5f0000 - 0x00007ffb0a603000 	C:\Program Files\Java\jdk1.8.0_281\jre\bin\nio.dll
0x00007ffb0d630000 - 0x00007ffb0d814000 	C:\windows\SYSTEM32\dbghelp.dll
0x00007ffb0f6e0000 - 0x00007ffb0f762000 	C:\windows\System32\bcryptPrimitives.dll

VM Arguments:
jvm_args: -ea -Didea.test.cyclic.buffer.size=1048576 -javaagent:D:\Program Files (x86)\JetBrains\IntelliJ IDEA 2021.3.2\lib\idea_rt.jar=54646:D:\Program Files (x86)\JetBrains\IntelliJ IDEA 2021.3.2\bin -Dfile.encoding=UTF-8 
java_command: com.intellij.rt.junit.JUnitStarter -ideVersion5 -junit5 com.example.demoelasticsearch1.esTests,testAddDocument
java_class_path (initial): C:\Users\86185\.m2\repository\org\junit\platform\junit-platform-launcher\1.8.2\junit-platform-launcher-1.8.2.jar;C:\Users\86185\.m2\repository\org\junit\platform\junit-platform-engine\1.8.2\junit-platform-engine-1.8.2.jar;C:\Users\86185\.m2\repository\org\opentest4j\opentest4j\1.2.0\opentest4j-1.2.0.jar;C:\Users\86185\.m2\repository\org\junit\platform\junit-platform-commons\1.8.2\junit-platform-commons-1.8.2.jar;C:\Users\86185\.m2\repository\org\apiguardian\apiguardian-api\1.1.2\apiguardian-api-1.1.2.jar;C:\Users\86185\.m2\repository\org\junit\vintage\junit-vintage-engine\5.8.2\junit-vintage-engine-5.8.2.jar;D:\Program Files (x86)\JetBrains\IntelliJ IDEA 2021.3.2\lib\idea_rt.jar;D:\Program Files (x86)\JetBrains\IntelliJ IDEA 2021.3.2\plugins\junit\lib\junit5-rt.jar;D:\Program Files (x86)\JetBrains\IntelliJ IDEA 2021.3.2\plugins\junit\lib\junit-rt.jar;C:\Program Files\Java\jdk1.8.0_281\jre\lib\charsets.jar;C:\Program Files\Java\jdk1.8.0_281\jre\lib\deploy.jar;C:\Program Files\Java\jdk1.8.0_281\jre\lib\ext\access-bridge-64.jar;C:\Program Files\Java\jdk1.8.0_281\jre\lib\ext\cldrdata.jar;C:\Program Files\Java\jdk1.8.0_281\jre\lib\ext\dnsns.jar;C:\Program Files\Java\jdk1.8.0_281\jre\lib\ext\jaccess.jar;C:\Program Files\Java\jdk1.8.0_281\jre\lib\ext\jfxrt.jar;C:\Program Files\Java\jdk1.8.0_281\jre\lib\ext\localedata.jar;C:\Program Files\Java\jdk1.8.0_281\jre\lib\ext\nashorn.jar;C:\Program Files\Java\jdk1.8.0_281\jre\lib\ext\sunec.jar;C:\Program Files\Java\jdk1.8.0_281\jre\lib\ext\sunjce_provider.jar;C:\Program Files\Java\jdk1.8.0_281\jre\lib\ext\sunmscapi.jar;C:\Program Files\Java\jdk1.8.0_281\jre\lib\ext\sunpkcs11.jar;C:\Program Files\Java\jdk1.8.0_281\jre\lib\ext\zipfs.jar;C:\Program Files\Java\jdk1.8.0_281\jre\lib\javaws.jar;C:\Program Files\Java\jdk1.8.0_281\jre\lib\jce.jar;C:\Program Files\Java\jdk1.8.0_281\jre\lib\jfr.jar;C:\Program Files\Java\jdk1.8.0_281\jre\lib\jfxswt.jar;C:\Program Files\Java\jdk1.8.0_281\jre\lib\jsse.jar;C:\Program 
Launcher Type: SUN_STANDARD

Environment Variables:
JAVA_HOME=C:\Program Files\Java\jdk1.8.0_281
CLASSPATH=D:\Program Files (x86)\下载文件\junit4.10\junit-4.1.0.jar;D:\Program Files (x86)\下载文件\junit4.10
USERNAME=86185
OS=Windows_NT
PROCESSOR_IDENTIFIER=Intel64 Family 6 Model 126 Stepping 5, GenuineIntel



---------------  S Y S T E M  ---------------

OS: Windows 10.0 , 64 bit Build 19041 (10.0.19041.1706)

CPU:total 4 (initial active 4) (2 cores per cpu, 2 threads per core) family 6 model 126 stepping 5, cmov, cx8, fxsr, mmx, sse, sse2, sse3, ssse3, sse4.1, sse4.2, popcnt, avx, avx2, aes, clmul, erms, 3dnowpref, lzcnt, ht, tsc, tscinvbit, bmi1, bmi2, adx

Memory: 4k page, physical 8150356k(842652k free), swap 14556720k(8444k free)

vm_info: Java HotSpot(TM) 64-Bit Server VM (25.281-b09) for windows-amd64 JRE (1.8.0_281-b09), built on Dec  9 2020 13:54:07 by "" with MS VC++ 15.9 (VS2017)

time: Thu Oct  6 11:29:43 2022
timezone: 中国标准时间
elapsed time: 9.377633 seconds (0d 0h 0m 9s)

